<?xml version="1.0" encoding="utf-8" standalone="no"?>
<test-run id="2" testcasecount="1" result="Passed" total="1" passed="1" failed="0" inconclusive="0" skipped="0" asserts="1" engine-version="3.5.0.0" clr-version="4.0.30319.42000" start-time="2016-12-29 16:14:15Z" end-time="2016-12-29 16:14:15Z" duration="0.088746">
  <command-line><![CDATA["C:/Users/Angelo/Documents/Visual Studio 2017/Projects/CakeTest/tools/NUnit.ConsoleRunner/tools/nunit3-console.exe" "C:/Users/Angelo/Documents/Visual Studio 2017/Projects/CakeTest/CakeTest.Tests/bin/debug/CakeTest.Tests.dll"]]></command-line>
  <test-suite type="Assembly" id="0-1002" name="CakeTest.Tests.dll" fullname="C:\Users\Angelo\Documents\Visual Studio 2017\Projects\CakeTest\CakeTest.Tests\bin\debug\CakeTest.Tests.dll" runstate="Runnable" testcasecount="1" result="Passed" start-time="2016-12-29 16:14:15Z" end-time="2016-12-29 16:14:15Z" duration="0.049452" total="1" passed="1" failed="0" inconclusive="0" skipped="0" asserts="1">
    <environment framework-version="3.5.0.0" clr-version="4.0.30319.42000" os-version="Microsoft Windows NT 10.0.14393.0" platform="Win32NT" cwd="C:\Users\Angelo\Documents\Visual Studio 2017\Projects\CakeTest" machine-name="DESKTOP-KKQSEVJ" user="Angelo" user-domain="DESKTOP-KKQSEVJ" culture="en-US" uiculture="en-US" os-architecture="x64" />
    <settings>
      <setting name="DisposeRunners" value="True" />
      <setting name="WorkDirectory" value="C:\Users\Angelo\Documents\Visual Studio 2017\Projects\CakeTest" />
      <setting name="ImageRuntimeVersion" value="4.0.30319" />
      <setting name="ImageTargetFrameworkName" value=".NETFramework,Version=v4.6.1" />
      <setting name="ImageRequiresX86" value="False" />
      <setting name="ImageRequiresDefaultAppDomainAssemblyResolver" value="False" />
      <setting name="NumberOfTestWorkers" value="4" />
    </settings>
    <properties>
      <property name="_PID" value="6812" />
      <property name="_APPDOMAIN" value="test-domain-" />
    </properties>
    <test-suite type="TestSuite" id="0-1003" name="CakeTest" fullname="CakeTest" runstate="Runnable" testcasecount="1" result="Passed" start-time="2016-12-29 16:14:15Z" end-time="2016-12-29 16:14:15Z" duration="0.029036" total="1" passed="1" failed="0" inconclusive="0" skipped="0" asserts="1">
      <test-suite type="TestSuite" id="0-1004" name="Tests" fullname="CakeTest.Tests" runstate="Runnable" testcasecount="1" result="Passed" start-time="2016-12-29 16:14:15Z" end-time="2016-12-29 16:14:15Z" duration="0.024902" total="1" passed="1" failed="0" inconclusive="0" skipped="0" asserts="1">
        <test-suite type="TestFixture" id="0-1000" name="TestTest" fullname="CakeTest.Tests.TestTest" classname="CakeTest.Tests.TestTest" runstate="Runnable" testcasecount="1" result="Passed" start-time="2016-12-29 16:14:15Z" end-time="2016-12-29 16:14:15Z" duration="0.019033" total="1" passed="1" failed="0" inconclusive="0" skipped="0" asserts="1">
          <test-case id="0-1001" name="TestNumberOne" fullname="CakeTest.Tests.TestTest.TestNumberOne" methodname="TestNumberOne" classname="CakeTest.Tests.TestTest" runstate="Runnable" seed="1704418018" result="Passed" start-time="2016-12-29 16:14:15Z" end-time="2016-12-29 16:14:15Z" duration="0.007206" asserts="1" />
        </test-suite>
      </test-suite>
    </test-suite>
  </test-suite>
</test-run>